# JRE version: OpenJDK Runtime Environment (11.0.10) (build 11.0.10+0-b96-7249189)
# Java VM: OpenJDK 64-Bit Server VM (11.0.10+0-b96-7249189, mixed mode, tiered, compressed oops, g1 gc, windows-amd64)
Heap:
 garbage-first heap   total 92160K, used 51780K [0x00000000a0000000, 0x0000000100000000)
  region size 1024K, 2 young (2048K), 2 survivors (2048K)
 Metaspace       used 60781K, capacity 62365K, committed 62464K, reserved 1103872K
  class space    used 7678K, capacity 8189K, committed 8192K, reserved 1048576K
GC Heap History (20 events):
Event: 14.149 GC heap after
{Heap after GC invocations=18 (full 0):
 garbage-first heap   total 76800K, used 41896K [0x00000000a0000000, 0x0000000100000000)
  region size 1024K, 4 young (4096K), 4 survivors (4096K)
 Metaspace       used 45268K, capacity 46412K, committed 46720K, reserved 1089536K
  class space    used 5808K, capacity 6216K, committed 6272K, reserved 1048576K
}
Event: 14.697 GC heap before
{Heap before GC invocations=18 (full 0):
 garbage-first heap   total 76800K, used 60328K [0x00000000a0000000, 0x0000000100000000)
  region size 1024K, 22 young (22528K), 4 survivors (4096K)
 Metaspace       used 47648K, capacity 48823K, committed 49024K, reserved 1091584K
  class space    used 6101K, capacity 6488K, committed 6528K, reserved 1048576K
}
Event: 14.703 GC heap after
{Heap after GC invocations=19 (full 0):
 garbage-first heap   total 76800K, used 42544K [0x00000000a0000000, 0x0000000100000000)
  region size 1024K, 1 young (1024K), 1 survivors (1024K)
 Metaspace       used 47648K, capacity 48823K, committed 49024K, reserved 1091584K
  class space    used 6101K, capacity 6488K, committed 6528K, reserved 1048576K
}
Event: 15.322 GC heap before
{Heap before GC invocations=20 (full 0):
 garbage-first heap   total 76800K, used 59952K [0x00000000a0000000, 0x0000000100000000)
  region size 1024K, 18 young (18432K), 1 survivors (1024K)
 Metaspace       used 50975K, capacity 52222K, committed 52480K, reserved 1095680K
  class space    used 6456K, capacity 6874K, committed 6912K, reserved 1048576K
}
Event: 15.327 GC heap after
{Heap after GC invocations=21 (full 0):
 garbage-first heap   total 76800K, used 43272K [0x00000000a0000000, 0x0000000100000000)
  region size 1024K, 2 young (2048K), 2 survivors (2048K)
 Metaspace       used 50975K, capacity 52222K, committed 52480K, reserved 1095680K
  class space    used 6456K, capacity 6874K, committed 6912K, reserved 1048576K
}
Event: 15.692 GC heap before
{Heap before GC invocations=21 (full 0):
 garbage-first heap   total 76800K, used 59656K [0x00000000a0000000, 0x0000000100000000)
  region size 1024K, 19 young (19456K), 2 survivors (2048K)
 Metaspace       used 52588K, capacity 53781K, committed 54016K, reserved 1095680K
  class space    used 6702K, capacity 7138K, committed 7168K, reserved 1048576K
}
Event: 15.696 GC heap after
{Heap after GC invocations=22 (full 0):
 garbage-first heap   total 76800K, used 44129K [0x00000000a0000000, 0x0000000100000000)
  region size 1024K, 3 young (3072K), 3 survivors (3072K)
 Metaspace       used 52588K, capacity 53781K, committed 54016K, reserved 1095680K
  class space    used 6702K, capacity 7138K, committed 7168K, reserved 1048576K
}
Event: 16.117 GC heap before
{Heap before GC invocations=23 (full 0):
 garbage-first heap   total 76800K, used 60513K [0x00000000a0000000, 0x0000000100000000)
  region size 1024K, 20 young (20480K), 3 survivors (3072K)
 Metaspace       used 54214K, capacity 55416K, committed 55552K, reserved 1097728K
  class space    used 6891K, capacity 7316K, committed 7424K, reserved 1048576K
}
Event: 16.124 GC heap after
{Heap after GC invocations=24 (full 0):
 garbage-first heap   total 76800K, used 45784K [0x00000000a0000000, 0x0000000100000000)
  region size 1024K, 3 young (3072K), 3 survivors (3072K)
 Metaspace       used 54214K, capacity 55416K, committed 55552K, reserved 1097728K
  class space    used 6891K, capacity 7316K, committed 7424K, reserved 1048576K
}
Event: 16.573 GC heap before
{Heap before GC invocations=24 (full 0):
 garbage-first heap   total 76800K, used 62168K [0x00000000a0000000, 0x0000000100000000)
  region size 1024K, 19 young (19456K), 3 survivors (3072K)
 Metaspace       used 55765K, capacity 57020K, committed 57216K, reserved 1099776K
  class space    used 7086K, capacity 7525K, committed 7552K, reserved 1048576K
}
Event: 16.584 GC heap after
{Heap after GC invocations=25 (full 0):
 garbage-first heap   total 76800K, used 46875K [0x00000000a0000000, 0x0000000100000000)
  region size 1024K, 2 young (2048K), 2 survivors (2048K)
 Metaspace       used 55765K, capacity 57020K, committed 57216K, reserved 1099776K
  class space    used 7086K, capacity 7525K, committed 7552K, reserved 1048576K
}
Event: 17.088 GC heap before
{Heap before GC invocations=26 (full 0):
 garbage-first heap   total 76800K, used 62235K [0x00000000a0000000, 0x0000000100000000)
  region size 1024K, 17 young (17408K), 2 survivors (2048K)
 Metaspace       used 58564K, capacity 59875K, committed 60160K, reserved 1101824K
  class space    used 7381K, capacity 7835K, committed 7936K, reserved 1048576K
}
Event: 17.093 GC heap after
{Heap after GC invocations=27 (full 0):
 garbage-first heap   total 76800K, used 47578K [0x00000000a0000000, 0x0000000100000000)
  region size 1024K, 2 young (2048K), 2 survivors (2048K)
 Metaspace       used 58564K, capacity 59875K, committed 60160K, reserved 1101824K
  class space    used 7381K, capacity 7835K, committed 7936K, reserved 1048576K
}
Event: 17.622 GC heap before
{Heap before GC invocations=27 (full 0):
 garbage-first heap   total 76800K, used 62938K [0x00000000a0000000, 0x0000000100000000)
  region size 1024K, 17 young (17408K), 2 survivors (2048K)
 Metaspace       used 59879K, capacity 61266K, committed 61568K, reserved 1103872K
  class space    used 7533K, capacity 7955K, committed 8064K, reserved 1048576K
}
Event: 17.628 GC heap after
{Heap after GC invocations=28 (full 0):
 garbage-first heap   total 76800K, used 48315K [0x00000000a0000000, 0x0000000100000000)
  region size 1024K, 2 young (2048K), 2 survivors (2048K)
 Metaspace       used 59879K, capacity 61266K, committed 61568K, reserved 1103872K
  class space    used 7533K, capacity 7955K, committed 8064K, reserved 1048576K
}
Event: 17.842 GC heap before
{Heap before GC invocations=29 (full 0):
 garbage-first heap   total 76800K, used 62651K [0x00000000a0000000, 0x0000000100000000)
  region size 1024K, 17 young (17408K), 2 survivors (2048K)
 Metaspace       used 60177K, capacity 61554K, committed 61824K, reserved 1103872K
  class space    used 7572K, capacity 8028K, committed 8064K, reserved 1048576K
}
Event: 17.847 GC heap after
{Heap after GC invocations=30 (full 0):
 garbage-first heap   total 76800K, used 49763K [0x00000000a0000000, 0x0000000100000000)
  region size 1024K, 3 young (3072K), 3 survivors (3072K)
 Metaspace       used 60177K, capacity 61554K, committed 61824K, reserved 1103872K
  class space    used 7572K, capacity 8028K, committed 8064K, reserved 1048576K
}
Event: 17.952 GC heap before
{Heap before GC invocations=30 (full 0):
 garbage-first heap   total 76800K, used 64099K [0x00000000a0000000, 0x0000000100000000)
  region size 1024K, 17 young (17408K), 3 survivors (3072K)
 Metaspace       used 60408K, capacity 61894K, committed 62208K, reserved 1103872K
  class space    used 7614K, capacity 8099K, committed 8192K, reserved 1048576K
}
Event: 17.964 GC heap after
{Heap after GC invocations=31 (full 0):
 garbage-first heap   total 76800K, used 50918K [0x00000000a0000000, 0x0000000100000000)
  region size 1024K, 3 young (3072K), 3 survivors (3072K)
 Metaspace       used 60408K, capacity 61894K, committed 62208K, reserved 1103872K
  class space    used 7614K, capacity 8099K, committed 8192K, reserved 1048576K
}
Event: 18.231 GC heap before
{Heap before GC invocations=32 (full 0):
 garbage-first heap   total 76800K, used 64230K [0x00000000a0000000, 0x0000000100000000)
  region size 1024K, 16 young (16384K), 3 survivors (3072K)
 Metaspace       used 60781K, capacity 62365K, committed 62464K, reserved 1103872K
  class space    used 7678K, capacity 8189K, committed 8192K, reserved 1048576K
}

