# JRE version: OpenJDK Runtime Environment (11.0.10) (build 11.0.10+0-b96-7249189)
# Java VM: OpenJDK 64-Bit Server VM (11.0.10+0-b96-7249189, mixed mode, tiered, compressed oops, g1 gc, windows-amd64)
Heap:
 garbage-first heap   total 318464K, used 119709K [0x00000000a0000000, 0x0000000100000000)
  region size 1024K, 11 young (11264K), 2 survivors (2048K)
 Metaspace       used 84056K, capacity 87512K, committed 87808K, reserved 1124352K
  class space    used 10781K, capacity 11910K, committed 12032K, reserved 1048576K
GC Heap History (20 events):
Event: 43.295 GC heap before
{Heap before GC invocations=41 (full 0):
 garbage-first heap   total 138240K, used 101632K [0x00000000a0000000, 0x0000000100000000)
  region size 1024K, 36 young (36864K), 5 survivors (5120K)
 Metaspace       used 70904K, capacity 73226K, committed 73344K, reserved 1112064K
  class space    used 9198K, capacity 10043K, committed 10112K, reserved 1048576K
}
Event: 43.506 GC heap after
{Heap after GC invocations=42 (full 0):
 garbage-first heap   total 138240K, used 74272K [0x00000000a0000000, 0x0000000100000000)
  region size 1024K, 4 young (4096K), 4 survivors (4096K)
 Metaspace       used 70904K, capacity 73226K, committed 73344K, reserved 1112064K
  class space    used 9198K, capacity 10043K, committed 10112K, reserved 1048576K
}
Event: 47.324 GC heap before
{Heap before GC invocations=43 (full 0):
 garbage-first heap   total 138240K, used 103968K [0x00000000a0000000, 0x0000000100000000)
  region size 1024K, 34 young (34816K), 4 survivors (4096K)
 Metaspace       used 71469K, capacity 74151K, committed 74240K, reserved 1114112K
  class space    used 9273K, capacity 10218K, committed 10240K, reserved 1048576K
}
Event: 47.420 GC heap after
{Heap after GC invocations=44 (full 0):
 garbage-first heap   total 138240K, used 79530K [0x00000000a0000000, 0x0000000100000000)
  region size 1024K, 5 young (5120K), 5 survivors (5120K)
 Metaspace       used 71469K, capacity 74151K, committed 74240K, reserved 1114112K
  class space    used 9273K, capacity 10218K, committed 10240K, reserved 1048576K
}
Event: 48.049 GC heap before
{Heap before GC invocations=44 (full 0):
 garbage-first heap   total 138240K, used 89770K [0x00000000a0000000, 0x0000000100000000)
  region size 1024K, 17 young (17408K), 5 survivors (5120K)
 Metaspace       used 71634K, capacity 74463K, committed 74624K, reserved 1114112K
  class space    used 9296K, capacity 10274K, committed 10368K, reserved 1048576K
}
Event: 48.097 GC heap after
{Heap after GC invocations=45 (full 0):
 garbage-first heap   total 236544K, used 81952K [0x00000000a0000000, 0x0000000100000000)
  region size 1024K, 3 young (3072K), 3 survivors (3072K)
 Metaspace       used 71634K, capacity 74463K, committed 74624K, reserved 1114112K
  class space    used 9296K, capacity 10274K, committed 10368K, reserved 1048576K
}
Event: 52.056 GC heap before
{Heap before GC invocations=46 (full 0):
 garbage-first heap   total 236544K, used 140320K [0x00000000a0000000, 0x0000000100000000)
  region size 1024K, 57 young (58368K), 3 survivors (3072K)
 Metaspace       used 75297K, capacity 78375K, committed 78464K, reserved 1116160K
  class space    used 9836K, capacity 10869K, committed 10880K, reserved 1048576K
}
Event: 52.252 GC heap after
{Heap after GC invocations=47 (full 0):
 garbage-first heap   total 236544K, used 92138K [0x00000000a0000000, 0x0000000100000000)
  region size 1024K, 8 young (8192K), 8 survivors (8192K)
 Metaspace       used 75297K, capacity 78375K, committed 78464K, reserved 1116160K
  class space    used 9836K, capacity 10869K, committed 10880K, reserved 1048576K
}
Event: 62.718 GC heap before
{Heap before GC invocations=47 (full 0):
 garbage-first heap   total 236544K, used 144362K [0x00000000a0000000, 0x0000000100000000)
  region size 1024K, 59 young (60416K), 8 survivors (8192K)
 Metaspace       used 77817K, capacity 80939K, committed 81152K, reserved 1120256K
  class space    used 10143K, capacity 11193K, committed 11264K, reserved 1048576K
}
Event: 62.870 GC heap after
{Heap after GC invocations=48 (full 0):
 garbage-first heap   total 236544K, used 100754K [0x00000000a0000000, 0x0000000100000000)
  region size 1024K, 8 young (8192K), 8 survivors (8192K)
 Metaspace       used 77817K, capacity 80939K, committed 81152K, reserved 1120256K
  class space    used 10143K, capacity 11193K, committed 11264K, reserved 1048576K
}
Event: 68.637 GC heap before
{Heap before GC invocations=48 (full 0):
 garbage-first heap   total 236544K, used 148882K [0x00000000a0000000, 0x0000000100000000)
  region size 1024K, 55 young (56320K), 8 survivors (8192K)
 Metaspace       used 79661K, capacity 82880K, committed 82944K, reserved 1120256K
  class space    used 10438K, capacity 11515K, committed 11520K, reserved 1048576K
}
Event: 68.884 GC heap after
{Heap after GC invocations=49 (full 0):
 garbage-first heap   total 236544K, used 106184K [0x00000000a0000000, 0x0000000100000000)
  region size 1024K, 6 young (6144K), 6 survivors (6144K)
 Metaspace       used 79661K, capacity 82880K, committed 82944K, reserved 1120256K
  class space    used 10438K, capacity 11515K, committed 11520K, reserved 1048576K
}
Event: 458.618 GC heap before
{Heap before GC invocations=49 (full 0):
 garbage-first heap   total 236544K, used 139976K [0x00000000a0000000, 0x0000000100000000)
  region size 1024K, 40 young (40960K), 6 survivors (6144K)
 Metaspace       used 83731K, capacity 87064K, committed 87168K, reserved 1124352K
  class space    used 10757K, capacity 11866K, committed 11904K, reserved 1048576K
}
Event: 459.162 GC heap after
{Heap after GC invocations=50 (full 0):
 garbage-first heap   total 236544K, used 107804K [0x00000000a0000000, 0x0000000100000000)
  region size 1024K, 3 young (3072K), 3 survivors (3072K)
 Metaspace       used 83731K, capacity 87064K, committed 87168K, reserved 1124352K
  class space    used 10757K, capacity 11866K, committed 11904K, reserved 1048576K
}
Event: 462.768 GC heap before
{Heap before GC invocations=50 (full 0):
 garbage-first heap   total 236544K, used 114972K [0x00000000a0000000, 0x0000000100000000)
  region size 1024K, 11 young (11264K), 3 survivors (3072K)
 Metaspace       used 83745K, capacity 87129K, committed 87168K, reserved 1124352K
  class space    used 10757K, capacity 11866K, committed 11904K, reserved 1048576K
}
Event: 462.934 GC heap after
{Heap after GC invocations=51 (full 0):
 garbage-first heap   total 236544K, used 108324K [0x00000000a0000000, 0x0000000100000000)
  region size 1024K, 1 young (1024K), 1 survivors (1024K)
 Metaspace       used 83745K, capacity 87129K, committed 87168K, reserved 1124352K
  class space    used 10757K, capacity 11866K, committed 11904K, reserved 1048576K
}
Event: 478.110 GC heap before
{Heap before GC invocations=51 (full 0):
 garbage-first heap   total 236544K, used 121636K [0x00000000a0000000, 0x0000000100000000)
  region size 1024K, 15 young (15360K), 1 survivors (1024K)
 Metaspace       used 83878K, capacity 87429K, committed 87680K, reserved 1124352K
  class space    used 10772K, capacity 11893K, committed 11904K, reserved 1048576K
}
Event: 479.332 GC heap after
{Heap after GC invocations=52 (full 0):
 garbage-first heap   total 236544K, used 109806K [0x00000000a0000000, 0x0000000100000000)
  region size 1024K, 2 young (2048K), 2 survivors (2048K)
 Metaspace       used 83878K, capacity 87429K, committed 87680K, reserved 1124352K
  class space    used 10772K, capacity 11893K, committed 11904K, reserved 1048576K
}
Event: 501.995 GC heap before
{Heap before GC invocations=53 (full 0):
 garbage-first heap   total 236544K, used 119022K [0x00000000a0000000, 0x0000000100000000)
  region size 1024K, 11 young (11264K), 2 survivors (2048K)
 Metaspace       used 83988K, capacity 87495K, committed 87808K, reserved 1124352K
  class space    used 10780K, capacity 11907K, committed 12032K, reserved 1048576K
}
Event: 502.208 GC heap after
{Heap after GC invocations=54 (full 0):
 garbage-first heap   total 318464K, used 111517K [0x00000000a0000000, 0x0000000100000000)
  region size 1024K, 2 young (2048K), 2 survivors (2048K)
 Metaspace       used 83988K, capacity 87495K, committed 87808K, reserved 1124352K
  class space    used 10780K, capacity 11907K, committed 12032K, reserved 1048576K
}

