# JRE version: OpenJDK Runtime Environment (11.0.10) (build 11.0.10+0-b96-7249189)
# Java VM: OpenJDK 64-Bit Server VM (11.0.10+0-b96-7249189, mixed mode, tiered, compressed oops, g1 gc, windows-amd64)
Heap:
 garbage-first heap   total 209920K, used 111464K [0x00000000a0000000, 0x0000000100000000)
  region size 1024K, 8 young (8192K), 3 survivors (3072K)
 Metaspace       used 83703K, capacity 87005K, committed 87168K, reserved 1124352K
  class space    used 10748K, capacity 11855K, committed 11904K, reserved 1048576K
GC Heap History (20 events):
Event: 39.213 GC heap before
{Heap before GC invocations=49 (full 0):
 garbage-first heap   total 117760K, used 84718K [0x00000000a0000000, 0x0000000100000000)
  region size 1024K, 31 young (31744K), 4 survivors (4096K)
 Metaspace       used 67344K, capacity 69084K, committed 69248K, reserved 1110016K
  class space    used 8695K, capacity 9292K, committed 9344K, reserved 1048576K
}
Event: 39.236 GC heap after
{Heap after GC invocations=50 (full 0):
 garbage-first heap   total 117760K, used 58943K [0x00000000a0000000, 0x0000000100000000)
  region size 1024K, 4 young (4096K), 4 survivors (4096K)
 Metaspace       used 67344K, capacity 69084K, committed 69248K, reserved 1110016K
  class space    used 8695K, capacity 9292K, committed 9344K, reserved 1048576K
}
Event: 40.210 GC heap before
{Heap before GC invocations=51 (full 0):
 garbage-first heap   total 117760K, used 86591K [0x00000000a0000000, 0x0000000100000000)
  region size 1024K, 31 young (31744K), 4 survivors (4096K)
 Metaspace       used 68094K, capacity 69924K, committed 70272K, reserved 1110016K
  class space    used 8838K, capacity 9489K, committed 9600K, reserved 1048576K
}
Event: 40.238 GC heap after
{Heap after GC invocations=52 (full 0):
 garbage-first heap   total 117760K, used 62033K [0x00000000a0000000, 0x0000000100000000)
  region size 1024K, 4 young (4096K), 4 survivors (4096K)
 Metaspace       used 68094K, capacity 69924K, committed 70272K, reserved 1110016K
  class space    used 8838K, capacity 9489K, committed 9600K, reserved 1048576K
}
Event: 41.687 GC heap before
{Heap before GC invocations=52 (full 0):
 garbage-first heap   total 117760K, used 89681K [0x00000000a0000000, 0x0000000100000000)
  region size 1024K, 31 young (31744K), 4 survivors (4096K)
 Metaspace       used 69177K, capacity 71188K, committed 71424K, reserved 1112064K
  class space    used 8989K, capacity 9721K, committed 9728K, reserved 1048576K
}
Event: 41.718 GC heap after
{Heap after GC invocations=53 (full 0):
 garbage-first heap   total 153600K, used 64615K [0x00000000a0000000, 0x0000000100000000)
  region size 1024K, 3 young (3072K), 3 survivors (3072K)
 Metaspace       used 69177K, capacity 71188K, committed 71424K, reserved 1112064K
  class space    used 8989K, capacity 9721K, committed 9728K, reserved 1048576K
}
Event: 43.754 GC heap before
{Heap before GC invocations=54 (full 0):
 garbage-first heap   total 153600K, used 104551K [0x00000000a0000000, 0x0000000100000000)
  region size 1024K, 42 young (43008K), 3 survivors (3072K)
 Metaspace       used 70527K, capacity 72681K, committed 72960K, reserved 1112064K
  class space    used 9170K, capacity 9928K, committed 9984K, reserved 1048576K
}
Event: 43.807 GC heap after
{Heap after GC invocations=55 (full 0):
 garbage-first heap   total 153600K, used 71372K [0x00000000a0000000, 0x0000000100000000)
  region size 1024K, 6 young (6144K), 6 survivors (6144K)
 Metaspace       used 70527K, capacity 72681K, committed 72960K, reserved 1112064K
  class space    used 9170K, capacity 9928K, committed 9984K, reserved 1048576K
}
Event: 45.847 GC heap before
{Heap before GC invocations=55 (full 0):
 garbage-first heap   total 153600K, used 113356K [0x00000000a0000000, 0x0000000100000000)
  region size 1024K, 48 young (49152K), 6 survivors (6144K)
 Metaspace       used 71294K, capacity 73854K, committed 73984K, reserved 1114112K
  class space    used 9242K, capacity 10127K, committed 10240K, reserved 1048576K
}
Event: 45.927 GC heap after
{Heap after GC invocations=56 (full 0):
 garbage-first heap   total 153600K, used 78126K [0x00000000a0000000, 0x0000000100000000)
  region size 1024K, 6 young (6144K), 6 survivors (6144K)
 Metaspace       used 71294K, capacity 73854K, committed 73984K, reserved 1114112K
  class space    used 9242K, capacity 10127K, committed 10240K, reserved 1048576K
}
Event: 46.621 GC heap before
{Heap before GC invocations=56 (full 0):
 garbage-first heap   total 153600K, used 95534K [0x00000000a0000000, 0x0000000100000000)
  region size 1024K, 25 young (25600K), 6 survivors (6144K)
 Metaspace       used 71631K, capacity 74484K, committed 74496K, reserved 1114112K
  class space    used 9291K, capacity 10240K, committed 10240K, reserved 1048576K
}
Event: 46.686 GC heap after
{Heap after GC invocations=57 (full 0):
 garbage-first heap   total 153600K, used 82149K [0x00000000a0000000, 0x0000000100000000)
  region size 1024K, 4 young (4096K), 4 survivors (4096K)
 Metaspace       used 71631K, capacity 74484K, committed 74496K, reserved 1114112K
  class space    used 9291K, capacity 10240K, committed 10240K, reserved 1048576K
}
Event: 49.295 GC heap before
{Heap before GC invocations=58 (full 0):
 garbage-first heap   total 153600K, used 115941K [0x00000000a0000000, 0x0000000100000000)
  region size 1024K, 34 young (34816K), 4 survivors (4096K)
 Metaspace       used 72830K, capacity 75831K, committed 76032K, reserved 1114112K
  class space    used 9445K, capacity 10434K, committed 10496K, reserved 1048576K
}
Event: 49.383 GC heap after
{Heap after GC invocations=59 (full 0):
 garbage-first heap   total 209920K, used 91136K [0x00000000a0000000, 0x0000000100000000)
  region size 1024K, 5 young (5120K), 5 survivors (5120K)
 Metaspace       used 72830K, capacity 75831K, committed 76032K, reserved 1114112K
  class space    used 9445K, capacity 10434K, committed 10496K, reserved 1048576K
}
Event: 52.403 GC heap before
{Heap before GC invocations=59 (full 0):
 garbage-first heap   total 209920K, used 139264K [0x00000000a0000000, 0x0000000100000000)
  region size 1024K, 52 young (53248K), 5 survivors (5120K)
 Metaspace       used 76915K, capacity 80036K, committed 80256K, reserved 1118208K
  class space    used 10031K, capacity 11097K, committed 11136K, reserved 1048576K
}
Event: 52.482 GC heap after
{Heap after GC invocations=60 (full 0):
 garbage-first heap   total 209920K, used 96422K [0x00000000a0000000, 0x0000000100000000)
  region size 1024K, 5 young (5120K), 5 survivors (5120K)
 Metaspace       used 76915K, capacity 80036K, committed 80256K, reserved 1118208K
  class space    used 10031K, capacity 11097K, committed 11136K, reserved 1048576K
}
Event: 55.955 GC heap before
{Heap before GC invocations=60 (full 0):
 garbage-first heap   total 209920K, used 147622K [0x00000000a0000000, 0x0000000100000000)
  region size 1024K, 55 young (56320K), 5 survivors (5120K)
 Metaspace       used 78685K, capacity 81851K, committed 82048K, reserved 1120256K
  class space    used 10257K, capacity 11321K, committed 11392K, reserved 1048576K
}
Event: 56.049 GC heap after
{Heap after GC invocations=61 (full 0):
 garbage-first heap   total 209920K, used 104284K [0x00000000a0000000, 0x0000000100000000)
  region size 1024K, 7 young (7168K), 7 survivors (7168K)
 Metaspace       used 78685K, capacity 81851K, committed 82048K, reserved 1120256K
  class space    used 10257K, capacity 11321K, committed 11392K, reserved 1048576K
}
Event: 194.359 GC heap before
{Heap before GC invocations=61 (full 0):
 garbage-first heap   total 209920K, used 153436K [0x00000000a0000000, 0x0000000100000000)
  region size 1024K, 56 young (57344K), 7 survivors (7168K)
 Metaspace       used 83594K, capacity 86934K, committed 87168K, reserved 1124352K
  class space    used 10747K, capacity 11854K, committed 11904K, reserved 1048576K
}
Event: 194.777 GC heap after
{Heap after GC invocations=62 (full 0):
 garbage-first heap   total 209920K, used 107368K [0x00000000a0000000, 0x0000000100000000)
  region size 1024K, 3 young (3072K), 3 survivors (3072K)
 Metaspace       used 83594K, capacity 86934K, committed 87168K, reserved 1124352K
  class space    used 10747K, capacity 11854K, committed 11904K, reserved 1048576K
}

