# JRE version: OpenJDK Runtime Environment (11.0.10) (build 11.0.10+0-b96-7249189)
# Java VM: OpenJDK 64-Bit Server VM (11.0.10+0-b96-7249189, mixed mode, tiered, compressed oops, g1 gc, windows-amd64)
Heap:
 garbage-first heap   total 105472K, used 47675K [0x00000000a0000000, 0x0000000100000000)
  region size 1024K, 1 young (1024K), 1 survivors (1024K)
 Metaspace       used 58585K, capacity 59880K, committed 60160K, reserved 1101824K
  class space    used 7384K, capacity 7835K, committed 7936K, reserved 1048576K
GC Heap History (20 events):
Event: 15.889 GC heap after
{Heap after GC invocations=26 (full 0):
 garbage-first heap   total 63488K, used 42472K [0x00000000a0000000, 0x0000000100000000)
  region size 1024K, 1 young (1024K), 1 survivors (1024K)
 Metaspace       used 47363K, capacity 48484K, committed 48768K, reserved 1091584K
  class space    used 6060K, capacity 6438K, committed 6528K, reserved 1048576K
}
Event: 16.236 GC heap before
{Heap before GC invocations=27 (full 0):
 garbage-first heap   total 63488K, used 48616K [0x00000000a0000000, 0x0000000100000000)
  region size 1024K, 8 young (8192K), 1 survivors (1024K)
 Metaspace       used 48458K, capacity 49540K, committed 49664K, reserved 1091584K
  class space    used 6168K, capacity 6534K, committed 6656K, reserved 1048576K
}
Event: 16.239 GC heap after
{Heap after GC invocations=28 (full 0):
 garbage-first heap   total 63488K, used 42575K [0x00000000a0000000, 0x0000000100000000)
  region size 1024K, 1 young (1024K), 1 survivors (1024K)
 Metaspace       used 48458K, capacity 49540K, committed 49664K, reserved 1091584K
  class space    used 6168K, capacity 6534K, committed 6656K, reserved 1048576K
}
Event: 16.603 GC heap before
{Heap before GC invocations=28 (full 0):
 garbage-first heap   total 63488K, used 49743K [0x00000000a0000000, 0x0000000100000000)
  region size 1024K, 8 young (8192K), 1 survivors (1024K)
 Metaspace       used 50192K, capacity 51389K, committed 51712K, reserved 1093632K
  class space    used 6373K, capacity 6787K, committed 6912K, reserved 1048576K
}
Event: 16.607 GC heap after
{Heap after GC invocations=29 (full 0):
 garbage-first heap   total 63488K, used 43089K [0x00000000a0000000, 0x0000000100000000)
  region size 1024K, 1 young (1024K), 1 survivors (1024K)
 Metaspace       used 50192K, capacity 51389K, committed 51712K, reserved 1093632K
  class space    used 6373K, capacity 6787K, committed 6912K, reserved 1048576K
}
Event: 16.849 GC heap before
{Heap before GC invocations=30 (full 0):
 garbage-first heap   total 63488K, used 50257K [0x00000000a0000000, 0x0000000100000000)
  region size 1024K, 8 young (8192K), 1 survivors (1024K)
 Metaspace       used 51274K, capacity 52381K, committed 52480K, reserved 1095680K
  class space    used 6480K, capacity 6861K, committed 6912K, reserved 1048576K
}
Event: 16.857 GC heap after
{Heap after GC invocations=31 (full 0):
 garbage-first heap   total 63488K, used 43422K [0x00000000a0000000, 0x0000000100000000)
  region size 1024K, 1 young (1024K), 1 survivors (1024K)
 Metaspace       used 51274K, capacity 52381K, committed 52480K, reserved 1095680K
  class space    used 6480K, capacity 6861K, committed 6912K, reserved 1048576K
}
Event: 17.087 GC heap before
{Heap before GC invocations=31 (full 0):
 garbage-first heap   total 63488K, used 50590K [0x00000000a0000000, 0x0000000100000000)
  region size 1024K, 8 young (8192K), 1 survivors (1024K)
 Metaspace       used 51911K, capacity 53153K, committed 53376K, reserved 1095680K
  class space    used 6590K, capacity 7034K, committed 7040K, reserved 1048576K
}
Event: 17.091 GC heap after
{Heap after GC invocations=32 (full 0):
 garbage-first heap   total 63488K, used 43575K [0x00000000a0000000, 0x0000000100000000)
  region size 1024K, 1 young (1024K), 1 survivors (1024K)
 Metaspace       used 51911K, capacity 53153K, committed 53376K, reserved 1095680K
  class space    used 6590K, capacity 7034K, committed 7040K, reserved 1048576K
}
Event: 17.422 GC heap before
{Heap before GC invocations=33 (full 0):
 garbage-first heap   total 63488K, used 50743K [0x00000000a0000000, 0x0000000100000000)
  region size 1024K, 8 young (8192K), 1 survivors (1024K)
 Metaspace       used 52531K, capacity 53727K, committed 54016K, reserved 1095680K
  class space    used 6689K, capacity 7119K, committed 7168K, reserved 1048576K
}
Event: 17.425 GC heap after
{Heap after GC invocations=34 (full 0):
 garbage-first heap   total 63488K, used 43723K [0x00000000a0000000, 0x0000000100000000)
  region size 1024K, 1 young (1024K), 1 survivors (1024K)
 Metaspace       used 52531K, capacity 53727K, committed 54016K, reserved 1095680K
  class space    used 6689K, capacity 7119K, committed 7168K, reserved 1048576K
}
Event: 17.635 GC heap before
{Heap before GC invocations=34 (full 0):
 garbage-first heap   total 63488K, used 49867K [0x00000000a0000000, 0x0000000100000000)
  region size 1024K, 8 young (8192K), 1 survivors (1024K)
 Metaspace       used 53396K, capacity 54594K, committed 54912K, reserved 1097728K
  class space    used 6774K, capacity 7216K, committed 7296K, reserved 1048576K
}
Event: 17.653 GC heap after
{Heap after GC invocations=35 (full 0):
 garbage-first heap   total 76800K, used 45495K [0x00000000a0000000, 0x0000000100000000)
  region size 1024K, 1 young (1024K), 1 survivors (1024K)
 Metaspace       used 53396K, capacity 54594K, committed 54912K, reserved 1097728K
  class space    used 6774K, capacity 7216K, committed 7296K, reserved 1048576K
}
Event: 18.114 GC heap before
{Heap before GC invocations=36 (full 0):
 garbage-first heap   total 76800K, used 57783K [0x00000000a0000000, 0x0000000100000000)
  region size 1024K, 13 young (13312K), 1 survivors (1024K)
 Metaspace       used 54311K, capacity 55487K, committed 55808K, reserved 1097728K
  class space    used 6900K, capacity 7316K, committed 7424K, reserved 1048576K
}
Event: 18.124 GC heap after
{Heap after GC invocations=37 (full 0):
 garbage-first heap   total 76800K, used 45842K [0x00000000a0000000, 0x0000000100000000)
  region size 1024K, 2 young (2048K), 2 survivors (2048K)
 Metaspace       used 54311K, capacity 55487K, committed 55808K, reserved 1097728K
  class space    used 6900K, capacity 7316K, committed 7424K, reserved 1048576K
}
Event: 18.690 GC heap before
{Heap before GC invocations=37 (full 0):
 garbage-first heap   total 76800K, used 58130K [0x00000000a0000000, 0x0000000100000000)
  region size 1024K, 14 young (14336K), 2 survivors (2048K)
 Metaspace       used 55433K, capacity 56640K, committed 56960K, reserved 1099776K
  class space    used 7039K, capacity 7461K, committed 7552K, reserved 1048576K
}
Event: 18.699 GC heap after
{Heap after GC invocations=38 (full 0):
 garbage-first heap   total 76800K, used 46759K [0x00000000a0000000, 0x0000000100000000)
  region size 1024K, 2 young (2048K), 2 survivors (2048K)
 Metaspace       used 55433K, capacity 56640K, committed 56960K, reserved 1099776K
  class space    used 7039K, capacity 7461K, committed 7552K, reserved 1048576K
}
Event: 19.081 GC heap before
{Heap before GC invocations=39 (full 0):
 garbage-first heap   total 76800K, used 51879K [0x00000000a0000000, 0x0000000100000000)
  region size 1024K, 9 young (9216K), 2 survivors (2048K)
 Metaspace       used 56084K, capacity 57249K, committed 57600K, reserved 1099776K
  class space    used 7120K, capacity 7557K, committed 7680K, reserved 1048576K
}
Event: 19.095 GC heap after
{Heap after GC invocations=40 (full 0):
 garbage-first heap   total 76800K, used 47269K [0x00000000a0000000, 0x0000000100000000)
  region size 1024K, 2 young (2048K), 2 survivors (2048K)
 Metaspace       used 56084K, capacity 57249K, committed 57600K, reserved 1099776K
  class space    used 7120K, capacity 7557K, committed 7680K, reserved 1048576K
}
Event: 19.728 GC heap before
{Heap before GC invocations=41 (full 0):
 garbage-first heap   total 76800K, used 60581K [0x00000000a0000000, 0x0000000100000000)
  region size 1024K, 14 young (14336K), 2 survivors (2048K)
 Metaspace       used 58585K, capacity 59880K, committed 60160K, reserved 1101824K
  class space    used 7384K, capacity 7835K, committed 7936K, reserved 1048576K
}

